<?xml version="1.0" encoding="UTF-8"?>
<!-- Generated by org.testng.reporters.JUnitXMLReporter -->
<testsuite hostname="satyam-PC" ignored="0" name="Command line test" tests="3" failures="0" timestamp="01 Oct 2019 17:27:12 GMT" time="79.215" errors="0">
  <testcase name="ValidatePageTile" time="0.023" classname="testcases.LoginPageTest"/>
  <testcase name="validate_login_credential" time="9.415" classname="testcases.LoginPageTest"/>
  <testcase name="tc_1_validate_open_new_account" time="4.977" classname="testcases.OpenNewAccountTest"/>
</testsuite> <!-- Command line test -->
