<?xml version="1.0" encoding="UTF-8"?>
<testng-results skipped="0" failed="0" ignored="0" total="3" passed="3">
  <reporter-output>
  </reporter-output>
  <suite name="Command line suite" duration-ms="79215" started-at="2019-10-01T17:25:53Z" finished-at="2019-10-01T17:27:12Z">
    <groups>
    </groups>
    <test name="Command line test" duration-ms="79215" started-at="2019-10-01T17:25:53Z" finished-at="2019-10-01T17:27:12Z">
      <class name="testcases.OpenNewAccountTest">
        <test-method status="PASS" signature="setup()[pri:0, instance:testcases.OpenNewAccountTest@5442a311]" name="setup" is-config="true" duration-ms="26101" started-at="2019-10-01T17:26:41Z" finished-at="2019-10-01T17:27:07Z">
          <reporter-output>
          </reporter-output>
        </test-method> <!-- setup -->
        <test-method status="PASS" signature="tc_1_validate_open_new_account()[pri:0, instance:testcases.OpenNewAccountTest@5442a311]" name="tc_1_validate_open_new_account" duration-ms="4977" started-at="2019-10-01T17:27:07Z" finished-at="2019-10-01T17:27:12Z">
          <reporter-output>
          </reporter-output>
        </test-method> <!-- tc_1_validate_open_new_account -->
      </class> <!-- testcases.OpenNewAccountTest -->
      <class name="testcases.LoginPageTest">
        <test-method status="PASS" signature="setup()[pri:0, instance:testcases.LoginPageTest@53b32d7]" name="setup" is-config="true" duration-ms="18710" started-at="2019-10-01T17:25:53Z" finished-at="2019-10-01T17:26:11Z">
          <reporter-output>
          </reporter-output>
        </test-method> <!-- setup -->
        <test-method status="PASS" signature="ValidatePageTile()[pri:0, instance:testcases.LoginPageTest@53b32d7]" name="ValidatePageTile" duration-ms="23" started-at="2019-10-01T17:26:11Z" finished-at="2019-10-01T17:26:11Z">
          <reporter-output>
          </reporter-output>
        </test-method> <!-- ValidatePageTile -->
        <test-method status="PASS" signature="teardown()[pri:0, instance:testcases.LoginPageTest@53b32d7]" name="teardown" is-config="true" duration-ms="1664" started-at="2019-10-01T17:26:11Z" finished-at="2019-10-01T17:26:13Z">
          <reporter-output>
          </reporter-output>
        </test-method> <!-- teardown -->
        <test-method status="PASS" signature="setup()[pri:0, instance:testcases.LoginPageTest@53b32d7]" name="setup" is-config="true" duration-ms="17648" started-at="2019-10-01T17:26:13Z" finished-at="2019-10-01T17:26:31Z">
          <reporter-output>
          </reporter-output>
        </test-method> <!-- setup -->
        <test-method status="PASS" signature="validate_login_credential()[pri:0, instance:testcases.LoginPageTest@53b32d7]" name="validate_login_credential" duration-ms="9415" started-at="2019-10-01T17:26:31Z" finished-at="2019-10-01T17:26:40Z">
          <reporter-output>
          </reporter-output>
        </test-method> <!-- validate_login_credential -->
        <test-method status="PASS" signature="teardown()[pri:0, instance:testcases.LoginPageTest@53b32d7]" name="teardown" is-config="true" duration-ms="639" started-at="2019-10-01T17:26:40Z" finished-at="2019-10-01T17:26:41Z">
          <reporter-output>
          </reporter-output>
        </test-method> <!-- teardown -->
      </class> <!-- testcases.LoginPageTest -->
    </test> <!-- Command line test -->
  </suite> <!-- Command line suite -->
</testng-results>
